Arguments: 
  /usr/bin/node /usr/share/yarn/bin/yarn.js add responsive.css

PATH: 
  /home/george/anaconda3/bin:/home/george/.local/bin:/usr/local/sbin:/usr/local/bin:/usr/sbin:/usr/bin:/sbin:/bin:/usr/games:/usr/local/games:/snap/bin

Yarn version: 
  1.13.0

Node version: 
  8.10.0

Platform: 
  linux x64

Trace: 
  Error: https://registry.yarnpkg.com/responsive.css: Not found
      at Request.params.callback [as _callback] (/usr/share/yarn/lib/cli.js:66255:18)
      at Request.self.callback (/usr/share/yarn/lib/cli.js:129397:22)
      at emitTwo (events.js:126:13)
      at Request.emit (events.js:214:7)
      at Request.<anonymous> (/usr/share/yarn/lib/cli.js:130369:10)
      at emitOne (events.js:116:13)
      at Request.emit (events.js:211:7)
      at IncomingMessage.<anonymous> (/usr/share/yarn/lib/cli.js:130291:12)
      at Object.onceWrapper (events.js:313:30)
      at emitNone (events.js:111:20)

npm manifest: 
  {
    "dependencies": {
      "animate.css": "^3.7.0"
    },
    "name": "gcward18.github.io",
    "version": "1.0.0",
    "description": "George Ward's personal website",
    "main": "index.js",
    "repository": "git@github.com:gcward18/gcward18.github.io.git",
    "author": "george ward <gcward18@gmail.com>",
    "license": "MIT"
  }

yarn manifest: 
  No manifest

Lockfile: 
  # THIS IS AN AUTOGENERATED FILE. DO NOT EDIT THIS FILE DIRECTLY.
  # yarn lockfile v1
  
  
  animate.css@^3.7.0:
    version "3.7.0"
    resolved "https://registry.yarnpkg.com/animate.css/-/animate.css-3.7.0.tgz#5de25d1ee5fba11ba6a1e2c4fa568f512eb7d4da"
    integrity sha512-u3iMXDJr0cxMdQocIciDiou9Au4L5f9uT+/jCtprw3s1j3HcfCuI+khF+90Ps2KdsEhM2soF7SXB4WUvI3HlXg==
